<?xml version="1.0" encoding="UTF-8"?>
<testsuite xmlns:xsi="http://www.w3.org/2001/XMLSchema-instance" xsi:noNamespaceSchemaLocation="https://maven.apache.org/surefire/maven-surefire-plugin/xsd/surefire-test-report.xsd" version="3.0.2" name="com.fernandopaniagua.ifct0062_2025_supergamesspring.services.VideogameServiceTest" time="0.805" tests="1" errors="0" skipped="0" failures="0">
  <properties>
[...]
</properties>
  <testcase name="getGamesByPlatform" classname="com.fernandopaniagua.ifct0062_2025_supergamesspring.services.VideogameServiceTest" time="0.727">
    <system-out><![CDATA[2025-05-14T11:25:51.882+02:00  INFO 20627 --- [ifct0062_2025_supergamesspring] [           main] t.c.s.AnnotationConfigContextLoaderUtils : Could not detect default configuration classes for test class [com.fernandopaniagua.ifct0062_2025_supergamesspring.services.VideogameServiceTest]: VideogameServiceTest does not declare any static, non-private, non-final, nested classes annotated with @Configuration.
2025-05-14T11:25:51.925+02:00  INFO 20627 --- [ifct0062_2025_supergamesspring] [           main] .b.t.c.SpringBootTestContextBootstrapper : Found @SpringBootConfiguration com.fernandopaniagua.ifct0062_2025_supergamesspring.Ifct00622025SupergamesspringApplication for test class com.fernandopaniagua.ifct0062_2025_supergamesspring.services.VideogameServiceTest
Hibernate: select v1_0.id,v1_0.idgenre,v1_0.multiplayer,v1_0.platform,v1_0.pvp,v1_0.title from tvideojuegos v1_0 where v1_0.platform=?
Hibernate: select g1_0.id,g1_0.description,g1_0.name from tgeneros g1_0 where g1_0.id=?
Hibernate: select g1_0.id,g1_0.description,g1_0.name from tgeneros g1_0 where g1_0.id=?
Hibernate: select g1_0.id,g1_0.description,g1_0.name from tgeneros g1_0 where g1_0.id=?
Hibernate: select g1_0.id,g1_0.description,g1_0.name from tgeneros g1_0 where g1_0.id=?
Hibernate: select g1_0.id,g1_0.description,g1_0.name from tgeneros g1_0 where g1_0.id=?
]]></system-out>
    <system-err><![CDATA[Videogame{id=103, title='Dungeon Quest', platform='Xbox', multiplayer=true, price=24, genre=Genre{id=3, name='Rol (RPG)', description='Permiten al jugador asumir el papel de un personaje en un mundo ficticio, desarrollando sus habilidades, historia y decisiones'}}
Videogame{id=105, title='Stealth Ops', platform='Xbox', multiplayer=false, price=40, genre=Genre{id=4, name='Estrategia', description='Requieren planificación táctica y toma de decisiones para alcanzar objetivos, ya sea en tiempo real o por turnos'}}
Videogame{id=114, title='Mythical Realms', platform='Xbox', multiplayer=false, price=34, genre=Genre{id=3, name='Rol (RPG)', description='Permiten al jugador asumir el papel de un personaje en un mundo ficticio, desarrollando sus habilidades, historia y decisiones'}}
Videogame{id=117, title='Ninja Jump', platform='Xbox', multiplayer=false, price=41, genre=Genre{id=3, name='Rol (RPG)', description='Permiten al jugador asumir el papel de un personaje en un mundo ficticio, desarrollando sus habilidades, historia y decisiones'}}
Videogame{id=126, title='Arcade Master', platform='Xbox', multiplayer=false, price=23, genre=Genre{id=5, name='Deportes', description='Simulan actividades deportivas reales como fútbol, baloncesto o carreras, con énfasis en competición y habilidades'}}
Videogame{id=133, title='Tactical Edge', platform='Xbox', multiplayer=false, price=77, genre=Genre{id=1, name='Plataformas', description='Se caracterizan por tener que caminar, correr, saltar o escalar sobre una serie de plataformas y acantilados, con enemigos, mientras se recogen objetos para poder completar el juego'}}
Videogame{id=144, title='Penalty Shot', platform='Xbox', multiplayer=false, price=30, genre=Genre{id=4, name='Estrategia', description='Requieren planificación táctica y toma de decisiones para alcanzar objetivos, ya sea en tiempo real o por turnos'}}
Videogame{id=148, title='Chess Lord', platform='Xbox', multiplayer=true, price=61, genre=Genre{id=1, name='Plataformas', description='Se caracterizan por tener que caminar, correr, saltar o escalar sobre una serie de plataformas y acantilados, con enemigos, mientras se recogen objetos para poder completar el juego'}}
Videogame{id=151, title='Iron Glory', platform='Xbox', multiplayer=true, price=80, genre=Genre{id=5, name='Deportes', description='Simulan actividades deportivas reales como fútbol, baloncesto o carreras, con énfasis en competición y habilidades'}}
Videogame{id=154, title='Free Kick', platform='Xbox', multiplayer=true, price=28, genre=Genre{id=2, name='Shooter', description='Se centra en el uso de armas de fuego para combatir enemigos en escenarios de acción rápida, en primera o tercera persona'}}
Videogame{id=164, title='Race Royale', platform='Xbox', multiplayer=true, price=46, genre=Genre{id=3, name='Rol (RPG)', description='Permiten al jugador asumir el papel de un personaje en un mundo ficticio, desarrollando sus habilidades, historia y decisiones'}}
Videogame{id=166, title='Magic Tides', platform='Xbox', multiplayer=true, price=66, genre=Genre{id=1, name='Plataformas', description='Se caracterizan por tener que caminar, correr, saltar o escalar sobre una serie de plataformas y acantilados, con enemigos, mientras se recogen objetos para poder completar el juego'}}
Videogame{id=167, title='Aim Zone', platform='Xbox', multiplayer=false, price=28, genre=Genre{id=2, name='Shooter', description='Se centra en el uso de armas de fuego para combatir enemigos en escenarios de acción rápida, en primera o tercera persona'}}
Videogame{id=168, title='Jungle Dash', platform='Xbox', multiplayer=false, price=35, genre=Genre{id=1, name='Plataformas', description='Se caracterizan por tener que caminar, correr, saltar o escalar sobre una serie de plataformas y acantilados, con enemigos, mientras se recogen objetos para poder completar el juego'}}
Videogame{id=176, title='Stormfire', platform='Xbox', multiplayer=true, price=65, genre=Genre{id=4, name='Estrategia', description='Requieren planificación táctica y toma de decisiones para alcanzar objetivos, ya sea en tiempo real o por turnos'}}
Videogame{id=177, title='Rogue Shift', platform='Xbox', multiplayer=false, price=54, genre=Genre{id=3, name='Rol (RPG)', description='Permiten al jugador asumir el papel de un personaje en un mundo ficticio, desarrollando sus habilidades, historia y decisiones'}}
Videogame{id=184, title='Tennis Star', platform='Xbox', multiplayer=false, price=68, genre=Genre{id=2, name='Shooter', description='Se centra en el uso de armas de fuego para combatir enemigos en escenarios de acción rápida, en primera o tercera persona'}}
Videogame{id=186, title='Sniper Nest', platform='Xbox', multiplayer=true, price=39, genre=Genre{id=3, name='Rol (RPG)', description='Permiten al jugador asumir el papel de un personaje en un mundo ficticio, desarrollando sus habilidades, historia y decisiones'}}
Videogame{id=191, title='Rapid Fire', platform='Xbox', multiplayer=false, price=59, genre=Genre{id=2, name='Shooter', description='Se centra en el uso de armas de fuego para combatir enemigos en escenarios de acción rápida, en primera o tercera persona'}}
]]></system-err>
  </testcase>
</testsuite>