<?xml version="1.0" encoding="UTF-8"?>
<testsuite xmlns:xsi="http://www.w3.org/2001/XMLSchema-instance" xsi:noNamespaceSchemaLocation="https://maven.apache.org/surefire/maven-surefire-plugin/xsd/surefire-test-report.xsd" version="3.0.2" name="com.fernandopaniagua.ifct0062_2025_supergamesspring.Ifct00622025SupergamesspringApplicationTests" time="9.627" tests="1" errors="0" skipped="0" failures="0">
  <properties>
[...]
</properties>
  <testcase name="contextLoads" classname="com.fernandopaniagua.ifct0062_2025_supergamesspring.Ifct00622025SupergamesspringApplicationTests" time="1.026">
    <system-out><![CDATA[11:25:42.555 [main] INFO org.springframework.test.context.support.AnnotationConfigContextLoaderUtils -- Could not detect default configuration classes for test class [com.fernandopaniagua.ifct0062_2025_supergamesspring.Ifct00622025SupergamesspringApplicationTests]: Ifct00622025SupergamesspringApplicationTests does not declare any static, non-private, non-final, nested classes annotated with @Configuration.
11:25:42.813 [main] INFO org.springframework.boot.test.context.SpringBootTestContextBootstrapper -- Found @SpringBootConfiguration com.fernandopaniagua.ifct0062_2025_supergamesspring.Ifct00622025SupergamesspringApplication for test class com.fernandopaniagua.ifct0062_2025_supergamesspring.Ifct00622025SupergamesspringApplicationTests

  .   ____          _            __ _ _
 /\\ / ___'_ __ _ _(_)_ __  __ _ \ \ \ \
( ( )\___ | '_ | '_| | '_ \/ _` | \ \ \ \
 \\/  ___)| |_)| | | | | || (_| |  ) ) ) )
  '  |____| .__|_| |_|_| |_\__, | / / / /
 =========|_|==============|___/=/_/_/_/

 :: Spring Boot ::                (v3.4.5)

2025-05-14T11:25:43.676+02:00  INFO 20627 --- [ifct0062_2025_supergamesspring] [           main] 00622025SupergamesspringApplicationTests : Starting Ifct00622025SupergamesspringApplicationTests using Java 21.0.7 with PID 20627 (started by eparra-v in /home/eparra-v/IdeaProjects/ifct0062_2025_supergamesspring)
2025-05-14T11:25:43.681+02:00  INFO 20627 --- [ifct0062_2025_supergamesspring] [           main] 00622025SupergamesspringApplicationTests : No active profile set, falling back to 1 default profile: "default"
2025-05-14T11:25:45.004+02:00  INFO 20627 --- [ifct0062_2025_supergamesspring] [           main] .s.d.r.c.RepositoryConfigurationDelegate : Bootstrapping Spring Data JPA repositories in DEFAULT mode.
2025-05-14T11:25:45.097+02:00  INFO 20627 --- [ifct0062_2025_supergamesspring] [           main] .s.d.r.c.RepositoryConfigurationDelegate : Finished Spring Data repository scanning in 73 ms. Found 2 JPA repository interfaces.
2025-05-14T11:25:45.603+02:00 DEBUG 20627 --- [ifct0062_2025_supergamesspring] [           main] com.zaxxer.hikari.HikariConfig           : Driver class org.postgresql.Driver found in Thread context class loader jdk.internal.loader.ClassLoaders$AppClassLoader@639fee48
2025-05-14T11:25:45.746+02:00 DEBUG 20627 --- [ifct0062_2025_supergamesspring] [           main] com.zaxxer.hikari.HikariConfig           : HikariPool-1 - configuration:
2025-05-14T11:25:45.754+02:00 DEBUG 20627 --- [ifct0062_2025_supergamesspring] [           main] com.zaxxer.hikari.HikariConfig           : allowPoolSuspension.............false
2025-05-14T11:25:45.755+02:00 DEBUG 20627 --- [ifct0062_2025_supergamesspring] [           main] com.zaxxer.hikari.HikariConfig           : autoCommit......................true
2025-05-14T11:25:45.756+02:00 DEBUG 20627 --- [ifct0062_2025_supergamesspring] [           main] com.zaxxer.hikari.HikariConfig           : catalog.........................none
2025-05-14T11:25:45.756+02:00 DEBUG 20627 --- [ifct0062_2025_supergamesspring] [           main] com.zaxxer.hikari.HikariConfig           : connectionInitSql...............none
2025-05-14T11:25:45.756+02:00 DEBUG 20627 --- [ifct0062_2025_supergamesspring] [           main] com.zaxxer.hikari.HikariConfig           : connectionTestQuery.............none
2025-05-14T11:25:45.758+02:00 DEBUG 20627 --- [ifct0062_2025_supergamesspring] [           main] com.zaxxer.hikari.HikariConfig           : connectionTimeout...............30000
2025-05-14T11:25:45.759+02:00 DEBUG 20627 --- [ifct0062_2025_supergamesspring] [           main] com.zaxxer.hikari.HikariConfig           : dataSource......................none
2025-05-14T11:25:45.759+02:00 DEBUG 20627 --- [ifct0062_2025_supergamesspring] [           main] com.zaxxer.hikari.HikariConfig           : dataSourceClassName.............none
2025-05-14T11:25:45.760+02:00 DEBUG 20627 --- [ifct0062_2025_supergamesspring] [           main] com.zaxxer.hikari.HikariConfig           : dataSourceJNDI..................none
2025-05-14T11:25:45.761+02:00 DEBUG 20627 --- [ifct0062_2025_supergamesspring] [           main] com.zaxxer.hikari.HikariConfig           : dataSourceProperties............{password=<masked>}
2025-05-14T11:25:45.762+02:00 DEBUG 20627 --- [ifct0062_2025_supergamesspring] [           main] com.zaxxer.hikari.HikariConfig           : driverClassName................."org.postgresql.Driver"
2025-05-14T11:25:45.762+02:00 DEBUG 20627 --- [ifct0062_2025_supergamesspring] [           main] com.zaxxer.hikari.HikariConfig           : exceptionOverrideClassName......none
2025-05-14T11:25:45.762+02:00 DEBUG 20627 --- [ifct0062_2025_supergamesspring] [           main] com.zaxxer.hikari.HikariConfig           : healthCheckProperties...........{}
2025-05-14T11:25:45.763+02:00 DEBUG 20627 --- [ifct0062_2025_supergamesspring] [           main] com.zaxxer.hikari.HikariConfig           : healthCheckRegistry.............none
2025-05-14T11:25:45.763+02:00 DEBUG 20627 --- [ifct0062_2025_supergamesspring] [           main] com.zaxxer.hikari.HikariConfig           : idleTimeout.....................600000
2025-05-14T11:25:45.764+02:00 DEBUG 20627 --- [ifct0062_2025_supergamesspring] [           main] com.zaxxer.hikari.HikariConfig           : initializationFailTimeout.......1
2025-05-14T11:25:45.764+02:00 DEBUG 20627 --- [ifct0062_2025_supergamesspring] [           main] com.zaxxer.hikari.HikariConfig           : isolateInternalQueries..........false
2025-05-14T11:25:45.765+02:00 DEBUG 20627 --- [ifct0062_2025_supergamesspring] [           main] com.zaxxer.hikari.HikariConfig           : jdbcUrl.........................jdbc:postgresql://localhost:5500/videogames
2025-05-14T11:25:45.765+02:00 DEBUG 20627 --- [ifct0062_2025_supergamesspring] [           main] com.zaxxer.hikari.HikariConfig           : keepaliveTime...................0
2025-05-14T11:25:45.766+02:00 DEBUG 20627 --- [ifct0062_2025_supergamesspring] [           main] com.zaxxer.hikari.HikariConfig           : leakDetectionThreshold..........0
2025-05-14T11:25:45.766+02:00 DEBUG 20627 --- [ifct0062_2025_supergamesspring] [           main] com.zaxxer.hikari.HikariConfig           : maxLifetime.....................1800000
2025-05-14T11:25:45.767+02:00 DEBUG 20627 --- [ifct0062_2025_supergamesspring] [           main] com.zaxxer.hikari.HikariConfig           : maximumPoolSize.................10
2025-05-14T11:25:45.768+02:00 DEBUG 20627 --- [ifct0062_2025_supergamesspring] [           main] com.zaxxer.hikari.HikariConfig           : metricRegistry..................none
2025-05-14T11:25:45.769+02:00 DEBUG 20627 --- [ifct0062_2025_supergamesspring] [           main] com.zaxxer.hikari.HikariConfig           : metricsTrackerFactory...........none
2025-05-14T11:25:45.770+02:00 DEBUG 20627 --- [ifct0062_2025_supergamesspring] [           main] com.zaxxer.hikari.HikariConfig           : minimumIdle.....................5
2025-05-14T11:25:45.770+02:00 DEBUG 20627 --- [ifct0062_2025_supergamesspring] [           main] com.zaxxer.hikari.HikariConfig           : password........................<masked>
2025-05-14T11:25:45.771+02:00 DEBUG 20627 --- [ifct0062_2025_supergamesspring] [           main] com.zaxxer.hikari.HikariConfig           : poolName........................"HikariPool-1"
2025-05-14T11:25:45.772+02:00 DEBUG 20627 --- [ifct0062_2025_supergamesspring] [           main] com.zaxxer.hikari.HikariConfig           : readOnly........................false
2025-05-14T11:25:45.773+02:00 DEBUG 20627 --- [ifct0062_2025_supergamesspring] [           main] com.zaxxer.hikari.HikariConfig           : registerMbeans..................false
2025-05-14T11:25:45.774+02:00 DEBUG 20627 --- [ifct0062_2025_supergamesspring] [           main] com.zaxxer.hikari.HikariConfig           : scheduledExecutor...............none
2025-05-14T11:25:45.775+02:00 DEBUG 20627 --- [ifct0062_2025_supergamesspring] [           main] com.zaxxer.hikari.HikariConfig           : schema..........................none
2025-05-14T11:25:45.776+02:00 DEBUG 20627 --- [ifct0062_2025_supergamesspring] [           main] com.zaxxer.hikari.HikariConfig           : threadFactory...................internal
2025-05-14T11:25:45.776+02:00 DEBUG 20627 --- [ifct0062_2025_supergamesspring] [           main] com.zaxxer.hikari.HikariConfig           : transactionIsolation............default
2025-05-14T11:25:45.777+02:00 DEBUG 20627 --- [ifct0062_2025_supergamesspring] [           main] com.zaxxer.hikari.HikariConfig           : username........................"user"
2025-05-14T11:25:45.778+02:00 DEBUG 20627 --- [ifct0062_2025_supergamesspring] [           main] com.zaxxer.hikari.HikariConfig           : validationTimeout...............5000
2025-05-14T11:25:45.779+02:00  INFO 20627 --- [ifct0062_2025_supergamesspring] [           main] com.zaxxer.hikari.HikariDataSource       : HikariPool-1 - Starting...
2025-05-14T11:25:46.220+02:00  INFO 20627 --- [ifct0062_2025_supergamesspring] [           main] com.zaxxer.hikari.pool.HikariPool        : HikariPool-1 - Added connection org.postgresql.jdbc.PgConnection@77f4c040
2025-05-14T11:25:46.254+02:00  INFO 20627 --- [ifct0062_2025_supergamesspring] [           main] com.zaxxer.hikari.HikariDataSource       : HikariPool-1 - Start completed.
2025-05-14T11:25:46.354+02:00 DEBUG 20627 --- [ifct0062_2025_supergamesspring] [l-1 housekeeper] com.zaxxer.hikari.pool.HikariPool        : HikariPool-1 - Before cleanup stats (total=1, active=0, idle=1, waiting=0)
2025-05-14T11:25:46.356+02:00 DEBUG 20627 --- [ifct0062_2025_supergamesspring] [l-1 housekeeper] com.zaxxer.hikari.pool.HikariPool        : HikariPool-1 - After cleanup  stats (total=1, active=0, idle=1, waiting=0)
2025-05-14T11:25:46.365+02:00  INFO 20627 --- [ifct0062_2025_supergamesspring] [           main] o.hibernate.jpa.internal.util.LogHelper  : HHH000204: Processing PersistenceUnitInfo [name: default]
2025-05-14T11:25:46.457+02:00 DEBUG 20627 --- [ifct0062_2025_supergamesspring] [onnection adder] com.zaxxer.hikari.pool.HikariPool        : HikariPool-1 - Added connection org.postgresql.jdbc.PgConnection@755e6595
2025-05-14T11:25:46.465+02:00  INFO 20627 --- [ifct0062_2025_supergamesspring] [           main] org.hibernate.Version                    : HHH000412: Hibernate ORM core version 6.6.13.Final
2025-05-14T11:25:46.487+02:00 DEBUG 20627 --- [ifct0062_2025_supergamesspring] [onnection adder] com.zaxxer.hikari.pool.HikariPool        : HikariPool-1 - After adding stats (total=2, active=0, idle=2, waiting=0)
2025-05-14T11:25:46.533+02:00 DEBUG 20627 --- [ifct0062_2025_supergamesspring] [onnection adder] com.zaxxer.hikari.pool.HikariPool        : HikariPool-1 - Added connection org.postgresql.jdbc.PgConnection@7fa60ee5
2025-05-14T11:25:46.544+02:00  INFO 20627 --- [ifct0062_2025_supergamesspring] [           main] o.h.c.internal.RegionFactoryInitiator    : HHH000026: Second-level cache disabled
2025-05-14T11:25:46.565+02:00 DEBUG 20627 --- [ifct0062_2025_supergamesspring] [onnection adder] com.zaxxer.hikari.pool.HikariPool        : HikariPool-1 - After adding stats (total=3, active=0, idle=3, waiting=0)
2025-05-14T11:25:46.614+02:00 DEBUG 20627 --- [ifct0062_2025_supergamesspring] [onnection adder] com.zaxxer.hikari.pool.HikariPool        : HikariPool-1 - Added connection org.postgresql.jdbc.PgConnection@3aa49f75
2025-05-14T11:25:46.645+02:00 DEBUG 20627 --- [ifct0062_2025_supergamesspring] [onnection adder] com.zaxxer.hikari.pool.HikariPool        : HikariPool-1 - After adding stats (total=4, active=0, idle=4, waiting=0)
2025-05-14T11:25:46.690+02:00 DEBUG 20627 --- [ifct0062_2025_supergamesspring] [onnection adder] com.zaxxer.hikari.pool.HikariPool        : HikariPool-1 - Added connection org.postgresql.jdbc.PgConnection@3c503779
2025-05-14T11:25:46.730+02:00 DEBUG 20627 --- [ifct0062_2025_supergamesspring] [onnection adder] com.zaxxer.hikari.pool.HikariPool        : HikariPool-1 - After adding stats (total=5, active=0, idle=5, waiting=0)
2025-05-14T11:25:47.068+02:00  INFO 20627 --- [ifct0062_2025_supergamesspring] [           main] o.s.o.j.p.SpringPersistenceUnitInfo      : No LoadTimeWeaver setup: ignoring JPA class transformer
2025-05-14T11:25:47.159+02:00  WARN 20627 --- [ifct0062_2025_supergamesspring] [           main] org.hibernate.orm.deprecation            : HHH90000025: PostgreSQLDialect does not need to be specified explicitly using 'hibernate.dialect' (remove the property setting and it will be selected by default)
2025-05-14T11:25:47.192+02:00  INFO 20627 --- [ifct0062_2025_supergamesspring] [           main] org.hibernate.orm.connections.pooling    : HHH10001005: Database info:
	Database JDBC URL [Connecting through datasource 'HikariDataSource (HikariPool-1)']
	Database driver: undefined/unknown
	Database version: 17.5
	Autocommit mode: undefined/unknown
	Isolation level: undefined/unknown
	Minimum pool size: undefined/unknown
	Maximum pool size: undefined/unknown
2025-05-14T11:25:47.612+02:00  WARN 20627 --- [ifct0062_2025_supergamesspring] [           main] org.hibernate.mapping.RootClass          : HHH000038: Composite-id class does not override equals(): com.fernandopaniagua.ifct0062_2025_supergamesspring.model.StudioPK
2025-05-14T11:25:47.612+02:00  WARN 20627 --- [ifct0062_2025_supergamesspring] [           main] org.hibernate.mapping.RootClass          : HHH000039: Composite-id class does not override hashCode(): com.fernandopaniagua.ifct0062_2025_supergamesspring.model.StudioPK
2025-05-14T11:25:48.497+02:00  INFO 20627 --- [ifct0062_2025_supergamesspring] [           main] o.h.e.t.j.p.i.JtaPlatformInitiator       : HHH000489: No JTA platform available (set 'hibernate.transaction.jta.platform' to enable JTA platform integration)
2025-05-14T11:25:48.924+02:00  INFO 20627 --- [ifct0062_2025_supergamesspring] [           main] j.LocalContainerEntityManagerFactoryBean : Initialized JPA EntityManagerFactory for persistence unit 'default'
2025-05-14T11:25:49.326+02:00  INFO 20627 --- [ifct0062_2025_supergamesspring] [           main] o.s.d.j.r.query.QueryEnhancerFactory     : Hibernate is in classpath; If applicable, HQL parser will be used.
2025-05-14T11:25:49.963+02:00  WARN 20627 --- [ifct0062_2025_supergamesspring] [           main] JpaBaseConfiguration$JpaWebConfiguration : spring.jpa.open-in-view is enabled by default. Therefore, database queries may be performed during view rendering. Explicitly configure spring.jpa.open-in-view to disable this warning
2025-05-14T11:25:50.023+02:00  INFO 20627 --- [ifct0062_2025_supergamesspring] [           main] o.s.b.a.w.s.WelcomePageHandlerMapping    : Adding welcome page template: index
2025-05-14T11:25:50.783+02:00  INFO 20627 --- [ifct0062_2025_supergamesspring] [           main] 00622025SupergamesspringApplicationTests : Started Ifct00622025SupergamesspringApplicationTests in 7.729 seconds (process running for 9.85)
]]></system-out>
    <system-err><![CDATA[Mockito is currently self-attaching to enable the inline-mock-maker. This will no longer work in future releases of the JDK. Please add Mockito as an agent to your build what is described in Mockito's documentation: https://javadoc.io/doc/org.mockito/mockito-core/latest/org/mockito/Mockito.html#0.3
WARNING: A Java agent has been loaded dynamically (/home/eparra-v/.m2/repository/net/bytebuddy/byte-buddy-agent/1.15.11/byte-buddy-agent-1.15.11.jar)
WARNING: If a serviceability tool is in use, please run with -XX:+EnableDynamicAgentLoading to hide this warning
WARNING: If a serviceability tool is not in use, please run with -Djdk.instrument.traceUsage for more information
WARNING: Dynamic loading of agents will be disallowed by default in a future release
]]></system-err>
  </testcase>
</testsuite>